[debug] [2024-02-12T16:06:34.568Z] ----------------------------------------------------------------------
[debug] [2024-02-12T16:06:34.570Z] Command:       C:\Program Files\nodejs\node.exe C:\Users\gabri\AppData\Roaming\npm\node_modules\firebase-tools\lib\bin\firebase.js init
[debug] [2024-02-12T16:06:34.570Z] CLI Version:   13.2.1
[debug] [2024-02-12T16:06:34.570Z] Platform:      win32
[debug] [2024-02-12T16:06:34.570Z] Node Version:  v20.11.0
[debug] [2024-02-12T16:06:34.570Z] Time:          Mon Feb 12 2024 12:06:34 GMT-0400 (Bolivia Time)
[debug] [2024-02-12T16:06:34.570Z] ----------------------------------------------------------------------
[debug] 
[debug] [2024-02-12T16:06:34.574Z] > command requires scopes: ["email","openid","https://www.googleapis.com/auth/cloudplatformprojects.readonly","https://www.googleapis.com/auth/firebase","https://www.googleapis.com/auth/cloud-platform"]
[debug] [2024-02-12T16:06:34.574Z] > authorizing via signed-in user (gabriellemarhue@gmail.com)
[info] 
     ######## #### ########  ######## ########     ###     ######  ########
     ##        ##  ##     ## ##       ##     ##  ##   ##  ##       ##
     ######    ##  ########  ######   ########  #########  ######  ######
     ##        ##  ##    ##  ##       ##     ## ##     ##       ## ##
     ##       #### ##     ## ######## ########  ##     ##  ######  ########

You're about to initialize a Firebase project in this directory:

  C:\Users\gabri\source\repos\fr-generations

[info] 
=== Project Setup
[info] 
[info] First, let's associate this project directory with a Firebase project.
[info] You can create multiple project aliases by running firebase use --add, 
[info] but for now we'll just set up a default project.
[info] 
[debug] [2024-02-12T16:06:49.506Z] >>> [apiv2][query] GET https://firebase.googleapis.com/v1beta1/projects pageSize=100
[debug] [2024-02-12T16:06:50.115Z] <<< [apiv2][status] GET https://firebase.googleapis.com/v1beta1/projects 200
[debug] [2024-02-12T16:06:50.115Z] <<< [apiv2][body] GET https://firebase.googleapis.com/v1beta1/projects [omitted]
[info] i  Using project frdragons (FRDragons) 
[info] 
=== Hosting Setup
[debug] [2024-02-12T16:06:51.327Z] >>> [apiv2][query] GET https://firebase.googleapis.com/v1beta1/projects/frdragons [none]
[debug] [2024-02-12T16:06:51.590Z] <<< [apiv2][status] GET https://firebase.googleapis.com/v1beta1/projects/frdragons 200
[debug] [2024-02-12T16:06:51.590Z] <<< [apiv2][body] GET https://firebase.googleapis.com/v1beta1/projects/frdragons {"projectId":"frdragons","projectNumber":"1006913540176","displayName":"FRDragons","name":"projects/frdragons","resources":{"hostingSite":"frdragons"},"state":"ACTIVE","etag":"1_0ddff58f-9bed-4a12-9b82-a02c88767d3b"}
[info] 
[info] Your public directory is the folder (relative to your project directory) that
[info] will contain Hosting assets to be uploaded with firebase deploy. If you
[info] have a build process for your assets, use your build's output directory.
[info] 
[debug] [2024-02-12T16:07:25.850Z] >>> [apiv2][query] GET https://www.gstatic.com/firebasejs/releases.json [none]
[debug] [2024-02-12T16:07:26.240Z] <<< [apiv2][status] GET https://www.gstatic.com/firebasejs/releases.json 200
[debug] [2024-02-12T16:07:26.241Z] <<< [apiv2][body] GET https://www.gstatic.com/firebasejs/releases.json {"current":{"version":"10.8.0","browserURL":"https://www.gstatic.com/firebasejs/10.8.0/firebase.js","packageURL":"https://www.gstatic.com/firebasejs/10.8.0/firebase.tgz"},"live":{"version":"10.8","browserURL":"https://www.gstatic.com/firebasejs/live/10.8/firebase.js","packageURL":"https://www.gstatic.com/firebasejs/live/10.8/firebase.tgz"},"components":{"analytics":"https://www.gstatic.com/firebasejs/10.8.0/firebase-analytics.js","app":"https://www.gstatic.com/firebasejs/10.8.0/firebase-app.js","app-check":"https://www.gstatic.com/firebasejs/10.8.0/firebase-app-check.js","auth":"https://www.gstatic.com/firebasejs/10.8.0/firebase-auth.js","auth/cordova":"https://www.gstatic.com/firebasejs/10.8.0/firebase-auth/cordova.js","auth/web-extension":"https://www.gstatic.com/firebasejs/10.8.0/firebase-auth/web-extension.js","functions":"https://www.gstatic.com/firebasejs/10.8.0/firebase-functions.js","firestore":"https://www.gstatic.com/firebasejs/10.8.0/firebase-firestore.js","firestore/lite":"https://www.gstatic.com/firebasejs/10.8.0/firebase-firestore/lite.js","installations":"https://www.gstatic.com/firebasejs/10.8.0/firebase-installations.js","storage":"https://www.gstatic.com/firebasejs/10.8.0/firebase-storage.js","performance":"https://www.gstatic.com/firebasejs/10.8.0/firebase-performance.js","remote-config":"https://www.gstatic.com/firebasejs/10.8.0/firebase-remote-config.js","messaging":"https://www.gstatic.com/firebasejs/10.8.0/firebase-messaging.js","messaging/sw":"https://www.gstatic.com/firebasejs/10.8.0/firebase-messaging/sw.js","database":"https://www.gstatic.com/firebasejs/10.8.0/firebase-database.js","firestore.memory":"https://www.gstatic.com/firebasejs/10.8.0/firebase-firestore.memory.js"}}
[info] i  Skipping write of build/index.html 
[info] 
[info] i  Detected a .git folder at C:\Users\gabri\source\repos\fr-generations 
[info] i  Authorizing with GitHub to upload your service account to a GitHub repository's secrets store. 
[info] 
[info] Visit this URL on this device to log in:
[info] https://github.com/login/oauth/authorize?client_id=89cf50f02ac6aaed3484&state=416258235&redirect_uri=http%3A%2F%2Flocalhost%3A9005&scope=read%3Auser%20repo%20public_repo
[info] 
[info] Waiting for authentication...
[debug] [2024-02-12T16:07:35.936Z] >>> [apiv2][query] POST https://github.com/login/oauth/access_token [none]
[debug] [2024-02-12T16:07:35.936Z] >>> [apiv2][body] POST https://github.com/login/oauth/access_token [stream]
[debug] [2024-02-12T16:07:36.302Z] <<< [apiv2][status] POST https://github.com/login/oauth/access_token 200
[debug] [2024-02-12T16:07:36.302Z] <<< [apiv2][body] POST https://github.com/login/oauth/access_token {"access_token":"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","token_type":"bearer","scope":"read:user,repo"}
[debug] [2024-02-12T16:07:36.315Z] >>> [apiv2][query] GET https://api.github.com/user [none]
[debug] [2024-02-12T16:07:36.699Z] <<< [apiv2][status] GET https://api.github.com/user 200
[debug] [2024-02-12T16:07:36.700Z] <<< [apiv2][body] GET https://api.github.com/user {"login":"gabrielle","id":16155481,"node_id":"MDQ6VXNlcjE2MTU1NDgx","avatar_url":"https://avatars.githubusercontent.com/u/16155481?v=4","gravatar_id":"","url":"https://api.github.com/users/gabrielle","html_url":"https://github.com/gabrielle","followers_url":"https://api.github.com/users/gabrielle/followers","following_url":"https://api.github.com/users/gabrielle/following{/other_user}","gists_url":"https://api.github.com/users/gabrielle/gists{/gist_id}","starred_url":"https://api.github.com/users/gabrielle/starred{/owner}{/repo}","subscriptions_url":"https://api.github.com/users/gabrielle/subscriptions","organizations_url":"https://api.github.com/users/gabrielle/orgs","repos_url":"https://api.github.com/users/gabrielle/repos","events_url":"https://api.github.com/users/gabrielle/events{/privacy}","received_events_url":"https://api.github.com/users/gabrielle/received_events","type":"User","site_admin":false,"name":"Gabrielle","company":null,"blog":"gabrielle.github.io","location":"Trinidad & Tobago","email":null,"hireable":null,"bio":null,"twitter_username":null,"public_repos":8,"public_gists":1,"followers":0,"following":0,"created_at":"2015-12-04T16:45:29Z","updated_at":"2024-01-01T07:41:23Z","private_gists":0,"total_private_repos":12,"owned_private_repos":12,"disk_usage":175134,"collaborators":0,"two_factor_authentication":false,"plan":{"name":"free","space":976562499,"collaborators":0,"private_repos":10000}}
[info] 
[info] +  Success! Logged into GitHub as gabrielle 
[info] 
[debug] [2024-02-12T16:07:51.145Z] >>> [apiv2][query] GET https://api.github.com/repos/frdragons/actions/secrets/public-key type=owner
[debug] [2024-02-12T16:07:51.467Z] <<< [apiv2][status] GET https://api.github.com/repos/frdragons/actions/secrets/public-key 404
[debug] [2024-02-12T16:07:51.467Z] <<< [apiv2][body] GET https://api.github.com/repos/frdragons/actions/secrets/public-key {"message":"Not Found","documentation_url":"https://docs.github.com/rest"}
[info] 
[info] 
[error] !  The provided authorization cannot be used with this repository. If this repository is in an organization, did you remember to grant access? 
[info] 
[info] i  Action required: Visit this URL to ensure access has been granted to the appropriate organization(s) for the Firebase CLI GitHub OAuth App: 
[info] https://github.com/settings/connections/applications/89cf50f02ac6aaed3484
[info] 
[debug] [2024-02-12T16:08:32.201Z] >>> [apiv2][query] GET https://api.github.com/repos/frdragons/actions/secrets/public-key type=owner
[debug] [2024-02-12T16:08:32.576Z] <<< [apiv2][status] GET https://api.github.com/repos/frdragons/actions/secrets/public-key 404
[debug] [2024-02-12T16:08:32.576Z] <<< [apiv2][body] GET https://api.github.com/repos/frdragons/actions/secrets/public-key {"message":"Not Found","documentation_url":"https://docs.github.com/rest"}
[info] 
[info] 
[error] !  The provided authorization cannot be used with this repository. If this repository is in an organization, did you remember to grant access? 
[info] 
[info] i  Action required: Visit this URL to ensure access has been granted to the appropriate organization(s) for the Firebase CLI GitHub OAuth App: 
[info] https://github.com/settings/connections/applications/89cf50f02ac6aaed3484
[info] 
